TN:
SF:src/components/DebugPanel.tsx
FN:28,(anonymous_0)
FN:48,(anonymous_1)
FN:51,(anonymous_2)
FN:56,(anonymous_3)
FN:60,(anonymous_4)
FN:71,(anonymous_5)
FN:72,(anonymous_6)
FN:75,(anonymous_7)
FN:77,(anonymous_8)
FN:80,(anonymous_9)
FN:84,(anonymous_10)
FN:228,(anonymous_13)
FN:231,(anonymous_14)
FN:268,(anonymous_16)
FN:360,(anonymous_20)
FN:380,(anonymous_22)
FN:432,(anonymous_24)
FN:478,getEventIcon
FNF:18
FNH:0
FNDA:0,(anonymous_0)
FNDA:0,(anonymous_1)
FNDA:0,(anonymous_2)
FNDA:0,(anonymous_3)
FNDA:0,(anonymous_4)
FNDA:0,(anonymous_5)
FNDA:0,(anonymous_6)
FNDA:0,(anonymous_7)
FNDA:0,(anonymous_8)
FNDA:0,(anonymous_9)
FNDA:0,(anonymous_10)
FNDA:0,(anonymous_13)
FNDA:0,(anonymous_14)
FNDA:0,(anonymous_16)
FNDA:0,(anonymous_20)
FNDA:0,(anonymous_22)
FNDA:0,(anonymous_24)
FNDA:0,getEventIcon
DA:28,0
DA:35,0
DA:36,0
DA:37,0
DA:40,0
DA:41,0
DA:42,0
DA:48,0
DA:49,0
DA:51,0
DA:56,0
DA:60,0
DA:61,0
DA:67,0
DA:71,0
DA:72,0
DA:75,0
DA:76,0
DA:77,0
DA:80,0
DA:81,0
DA:84,0
DA:85,0
DA:89,0
DA:90,0
DA:229,0
DA:231,0
DA:269,0
DA:361,0
DA:381,0
DA:433,0
DA:479,0
DA:490,0
LF:33
LH:0
BRDA:29,0,0,0
BRDA:30,1,0,0
BRDA:31,2,0,0
BRDA:32,3,0,0
BRDA:49,4,0,0
BRDA:89,5,0,0
BRDA:99,6,0,0
BRDA:99,6,1,0
BRDA:121,7,0,0
BRDA:135,8,0,0
BRDA:139,9,0,0
BRDA:143,10,0,0
BRDA:186,11,0,0
BRDA:186,11,1,0
BRDA:192,12,0,0
BRDA:192,12,1,0
BRDA:200,13,0,0
BRDA:200,13,1,0
BRDA:202,14,0,0
BRDA:202,14,1,0
BRDA:205,15,0,0
BRDA:205,15,1,0
BRDA:235,16,0,0
BRDA:235,16,1,0
BRDA:263,17,0,0
BRDA:263,17,1,0
BRDA:293,18,0,0
BRDA:293,18,1,0
BRDA:320,19,0,0
BRDA:332,20,0,0
BRDA:332,21,0,0
BRDA:332,21,1,0
BRDA:332,22,0,0
BRDA:332,22,1,0
BRDA:336,23,0,0
BRDA:336,24,0,0
BRDA:336,24,1,0
BRDA:336,25,0,0
BRDA:336,25,1,0
BRDA:427,26,0,0
BRDA:427,26,1,0
BRDA:468,27,0,0
BRDA:468,27,1,0
BRDA:469,28,0,0
BRDA:469,28,1,0
BRDA:469,29,0,0
BRDA:469,29,1,0
BRDA:469,30,0,0
BRDA:469,30,1,0
BRDA:469,31,0,0
BRDA:469,31,1,0
BRDA:469,32,0,0
BRDA:469,32,1,0
BRDA:469,33,0,0
BRDA:469,33,1,0
BRDA:490,34,0,0
BRDA:490,34,1,0
BRF:57
BRH:0
end_of_record
TN:
SF:src/components/Sticky.tsx
FN:31,(anonymous_4)
FN:53,(anonymous_5)
FN:73,(anonymous_6)
FNF:3
FNH:3
FNDA:28,(anonymous_4)
FNDA:4,(anonymous_5)
FNDA:28,(anonymous_6)
DA:1,2
DA:2,2
DA:5,2
DA:6,2
DA:31,14
DA:48,28
DA:53,28
DA:65,28
DA:73,28
DA:74,28
DA:75,15
DA:87,28
DA:92,28
DA:107,2
LF:14
LH:14
BRDA:33,0,0,26
BRDA:34,1,0,25
BRDA:35,2,0,26
BRDA:67,3,0,28
BRDA:67,3,1,10
BRDA:69,4,0,28
BRDA:69,4,1,10
BRDA:74,5,0,15
BRDA:74,6,0,28
BRDA:74,6,1,28
BRDA:89,7,0,28
BRDA:89,7,1,10
BRF:12
BRH:12
end_of_record
TN:
SF:src/components/StickyContainer.tsx
FN:29,(anonymous_0)
FN:49,(anonymous_1)
FN:55,(anonymous_2)
FN:63,(anonymous_3)
FN:74,(anonymous_4)
FNF:5
FNH:0
FNDA:0,(anonymous_0)
FNDA:0,(anonymous_1)
FNDA:0,(anonymous_2)
FNDA:0,(anonymous_3)
FNDA:0,(anonymous_4)
DA:29,0
DA:42,0
DA:49,0
DA:50,0
DA:55,0
DA:56,0
DA:63,0
DA:64,0
DA:68,0
DA:74,0
DA:84,0
DA:101,0
LF:12
LH:0
BRDA:32,0,0,0
BRDA:33,1,0,0
BRDA:68,2,0,0
BRDA:68,2,1,0
BRDA:68,3,0,0
BRDA:68,3,1,0
BRF:6
BRH:0
end_of_record
TN:
SF:src/context/StickyContext.tsx
FN:23,(anonymous_6)
FN:51,(anonymous_7)
FN:52,(anonymous_8)
FN:63,(anonymous_9)
FN:64,(anonymous_10)
FN:65,(anonymous_11)
FN:68,(anonymous_12)
FN:69,(anonymous_13)
FN:70,(anonymous_14)
FN:83,(anonymous_15)
FN:87,(anonymous_16)
FN:88,(anonymous_17)
FN:103,(anonymous_18)
FNF:13
FNH:10
FNDA:20,(anonymous_6)
FNDA:20,(anonymous_7)
FNDA:20,(anonymous_8)
FNDA:13,(anonymous_9)
FNDA:13,(anonymous_10)
FNDA:31,(anonymous_11)
FNDA:0,(anonymous_12)
FNDA:2,(anonymous_13)
FNDA:0,(anonymous_14)
FNDA:0,(anonymous_15)
FNDA:5,(anonymous_16)
FNDA:5,(anonymous_17)
FNDA:38,(anonymous_18)
DA:1,4
DA:2,4
DA:5,4
DA:6,4
DA:12,4
DA:23,20
DA:27,20
DA:30,20
DA:31,20
DA:34,20
DA:39,20
DA:41,0
DA:42,0
DA:48,20
DA:51,20
DA:52,20
DA:53,20
DA:57,20
DA:61,20
DA:63,13
DA:64,13
DA:65,31
DA:68,0
DA:69,2
DA:71,0
DA:72,0
DA:73,0
DA:84,0
DA:85,0
DA:87,5
DA:89,5
DA:103,38
DA:104,38
DA:106,38
DA:107,2
DA:110,36
LF:36
LH:28
BRDA:25,0,0,8
BRDA:30,1,0,20
BRDA:39,2,0,0
BRDA:72,3,0,0
BRDA:85,4,0,0
BRDA:85,4,1,0
BRDA:106,5,0,2
BRF:7
BRH:3
end_of_record
TN:
SF:src/core/StickyManager.enhanced.ts
FN:23,(anonymous_1)
FN:27,(anonymous_2)
FN:55,(anonymous_3)
FN:60,(anonymous_4)
FN:65,(anonymous_5)
FN:80,(anonymous_6)
FN:88,(anonymous_7)
FN:90,(anonymous_8)
FN:102,(anonymous_9)
FNF:9
FNH:0
FNDA:0,(anonymous_1)
FNDA:0,(anonymous_2)
FNDA:0,(anonymous_3)
FNDA:0,(anonymous_4)
FNDA:0,(anonymous_5)
FNDA:0,(anonymous_6)
FNDA:0,(anonymous_7)
FNDA:0,(anonymous_8)
FNDA:0,(anonymous_9)
DA:25,0
DA:27,0
DA:28,0
DA:31,0
DA:39,0
DA:42,0
DA:48,0
DA:56,0
DA:59,0
DA:60,0
DA:63,0
DA:64,0
DA:65,0
DA:70,0
DA:71,0
DA:75,0
DA:76,0
DA:80,0
DA:81,0
DA:89,0
DA:91,0
DA:99,0
DA:103,0
DA:109,0
LF:24
LH:0
BRDA:60,0,0,0
BRDA:60,0,1,0
BRDA:60,1,0,0
BRDA:60,1,1,0
BRDA:63,2,0,0
BRDA:70,3,0,0
BRDA:75,4,0,0
BRDA:75,5,0,0
BRDA:75,5,1,0
BRF:9
BRH:0
end_of_record
TN:
SF:src/core/StickyManager.ts
FN:37,(anonymous_3)
FN:40,(anonymous_4)
FN:41,(anonymous_5)
FN:56,(anonymous_6)
FN:57,(anonymous_7)
FN:69,(anonymous_8)
FN:121,(anonymous_9)
FN:142,(anonymous_10)
FN:155,(anonymous_11)
FN:174,(anonymous_12)
FN:192,(anonymous_13)
FN:211,(anonymous_14)
FN:234,(anonymous_15)
FN:264,(anonymous_16)
FN:302,(anonymous_17)
FN:304,(anonymous_18)
FN:310,(anonymous_19)
FN:313,(anonymous_20)
FN:314,(anonymous_21)
FN:324,(anonymous_22)
FN:325,(anonymous_23)
FN:334,(anonymous_24)
FN:341,(anonymous_25)
FN:348,(anonymous_26)
FN:358,(anonymous_27)
FN:359,(anonymous_28)
FN:362,(anonymous_29)
FN:373,(anonymous_30)
FN:384,(anonymous_31)
FN:401,(anonymous_32)
FN:408,(anonymous_33)
FN:413,(anonymous_34)
FN:415,(anonymous_35)
FN:417,(anonymous_36)
FN:424,(anonymous_37)
FN:428,(anonymous_38)
FN:436,(anonymous_39)
FN:444,(anonymous_40)
FN:446,(anonymous_41)
FN:454,(anonymous_42)
FN:21,(anonymous_43)
FNF:41
FNH:29
FNDA:39,(anonymous_3)
FNDA:0,(anonymous_4)
FNDA:0,(anonymous_5)
FNDA:0,(anonymous_6)
FNDA:0,(anonymous_7)
FNDA:100,(anonymous_8)
FNDA:85,(anonymous_9)
FNDA:0,(anonymous_10)
FNDA:32,(anonymous_11)
FNDA:2,(anonymous_12)
FNDA:6,(anonymous_13)
FNDA:138,(anonymous_14)
FNDA:135,(anonymous_15)
FNDA:18,(anonymous_16)
FNDA:5,(anonymous_17)
FNDA:1,(anonymous_18)
FNDA:109,(anonymous_19)
FNDA:8,(anonymous_20)
FNDA:8,(anonymous_21)
FNDA:1,(anonymous_22)
FNDA:1,(anonymous_23)
FNDA:126,(anonymous_24)
FNDA:135,(anonymous_25)
FNDA:0,(anonymous_26)
FNDA:0,(anonymous_27)
FNDA:0,(anonymous_28)
FNDA:0,(anonymous_29)
FNDA:74,(anonymous_30)
FNDA:99,(anonymous_31)
FNDA:0,(anonymous_32)
FNDA:0,(anonymous_33)
FNDA:33,(anonymous_34)
FNDA:4,(anonymous_35)
FNDA:6,(anonymous_36)
FNDA:4,(anonymous_37)
FNDA:18,(anonymous_38)
FNDA:0,(anonymous_39)
FNDA:5,(anonymous_40)
FNDA:1,(anonymous_41)
FNDA:40,(anonymous_42)
FNDA:39,(anonymous_43)
DA:1,4
DA:3,4
DA:11,39
DA:12,39
DA:13,39
DA:14,39
DA:16,39
DA:17,39
DA:18,39
DA:19,39
DA:22,39
DA:24,39
DA:25,39
DA:26,39
DA:27,39
DA:29,39
DA:30,39
DA:39,39
DA:41,0
DA:42,0
DA:43,0
DA:44,0
DA:56,39
DA:57,0
DA:58,0
DA:59,0
DA:60,0
DA:71,100
DA:72,1
DA:73,1
DA:74,1
DA:77,99
DA:82,99
DA:83,99
DA:85,99
DA:98,99
DA:101,99
DA:108,99
DA:109,99
DA:112,99
DA:115,99
DA:123,85
DA:124,85
DA:125,14
DA:126,14
DA:129,71
DA:135,71
DA:136,71
DA:139,71
DA:142,71
DA:143,0
DA:146,71
DA:149,71
DA:157,32
DA:158,32
DA:160,29
DA:163,29
DA:164,27
DA:167,29
DA:168,29
DA:176,2
DA:177,0
DA:178,0
DA:181,2
DA:194,6
DA:195,6
DA:197,6
DA:198,2
DA:199,2
DA:202,4
DA:203,4
DA:205,4
DA:213,138
DA:214,3
DA:215,3
DA:218,135
DA:220,135
DA:222,135
DA:223,18
DA:224,18
DA:227,18
DA:235,135
DA:236,135
DA:239,135
DA:240,0
DA:243,135
DA:245,133
DA:248,0
DA:251,0
DA:254,2
DA:257,0
DA:265,18
DA:266,18
DA:269,18
DA:274,18
DA:276,18
DA:280,18
DA:281,18
DA:284,0
DA:288,0
DA:289,0
DA:293,0
DA:294,0
DA:295,0
DA:304,5
DA:311,109
DA:313,8
DA:314,8
DA:315,8
DA:317,8
DA:325,1
DA:326,1
DA:327,1
DA:335,126
DA:342,135
DA:349,0
DA:355,0
DA:359,0
DA:364,0
DA:365,0
DA:366,0
DA:370,0
DA:374,74
DA:375,74
DA:376,74
DA:377,74
DA:378,74
DA:379,74
DA:380,74
DA:381,74
DA:386,99
DA:387,99
DA:390,99
DA:391,99
DA:392,99
DA:393,99
DA:394,99
DA:398,99
DA:403,0
DA:404,0
DA:409,0
DA:410,0
DA:415,33
DA:416,4
DA:417,4
DA:418,6
DA:420,4
DA:425,4
DA:430,18
DA:438,0
DA:446,5
DA:447,1
DA:455,40
DA:456,40
DA:457,40
DA:459,40
DA:460,40
DA:463,40
DA:464,0
DA:467,40
DA:468,40
LF:161
LH:127
BRDA:43,0,0,0
BRDA:59,1,0,0
BRDA:71,2,0,1
BRDA:83,3,0,99
BRDA:83,3,1,97
BRDA:108,4,0,0
BRDA:108,4,1,99
BRDA:108,5,0,99
BRDA:108,5,1,99
BRDA:109,6,0,0
BRDA:109,6,1,99
BRDA:109,7,0,99
BRDA:109,7,1,99
BRDA:124,8,0,14
BRDA:135,9,0,0
BRDA:135,9,1,71
BRDA:135,10,0,71
BRDA:135,10,1,71
BRDA:136,11,0,0
BRDA:136,11,1,71
BRDA:136,12,0,71
BRDA:136,12,1,71
BRDA:158,13,0,3
BRDA:163,14,0,27
BRDA:176,15,0,0
BRDA:197,16,0,2
BRDA:197,17,0,6
BRDA:197,17,1,6
BRDA:213,18,0,3
BRDA:213,19,0,138
BRDA:213,19,1,135
BRDA:222,20,0,18
BRDA:239,21,0,0
BRDA:239,22,0,135
BRDA:239,22,1,0
BRDA:243,23,0,133
BRDA:243,23,1,0
BRDA:243,23,2,0
BRDA:243,23,3,2
BRDA:243,23,4,0
BRDA:245,24,0,28
BRDA:245,24,1,105
BRDA:245,25,0,133
BRDA:245,25,1,119
BRDA:248,26,0,0
BRDA:248,26,1,0
BRDA:248,27,0,0
BRDA:248,27,1,0
BRDA:251,28,0,0
BRDA:251,28,1,0
BRDA:251,29,0,0
BRDA:251,29,1,0
BRDA:254,30,0,0
BRDA:254,30,1,2
BRDA:254,31,0,2
BRDA:254,31,1,0
BRDA:270,32,0,18
BRDA:270,32,1,0
BRDA:274,33,0,18
BRDA:274,33,1,0
BRDA:274,33,2,0
BRDA:274,33,3,0
BRDA:278,34,0,18
BRDA:278,34,1,15
BRDA:311,35,0,101
BRDA:366,36,0,0
BRDA:366,36,1,0
BRDA:390,37,0,99
BRDA:391,38,0,99
BRDA:391,38,1,99
BRDA:392,39,0,99
BRDA:392,39,1,99
BRDA:393,40,0,99
BRDA:393,40,1,99
BRDA:394,41,0,99
BRDA:394,41,1,99
BRDA:403,42,0,0
BRDA:455,43,0,40
BRDA:459,44,0,0
BRDA:459,44,1,40
BRDA:459,45,0,40
BRDA:459,45,1,40
BRDA:460,46,0,0
BRDA:460,46,1,40
BRDA:460,47,0,40
BRDA:460,47,1,40
BRDA:463,48,0,0
BRDA:24,49,0,39
BRF:88
BRH:56
end_of_record
TN:
SF:src/debug/StickyDebugger.ts
FN:157,(anonymous_3)
FN:165,(anonymous_4)
FN:173,(anonymous_5)
FN:182,(anonymous_6)
FN:184,(anonymous_7)
FN:212,(anonymous_8)
FN:224,(anonymous_9)
FN:225,(anonymous_10)
FN:226,(anonymous_11)
FN:228,(anonymous_12)
FN:229,(anonymous_13)
FN:240,(anonymous_14)
FN:252,(anonymous_15)
FN:261,(anonymous_16)
FN:265,(anonymous_17)
FN:274,(anonymous_18)
FN:293,(anonymous_19)
FN:309,(anonymous_20)
FN:349,(anonymous_21)
FN:374,(anonymous_22)
FN:390,(anonymous_23)
FN:407,(anonymous_24)
FN:431,(anonymous_25)
FN:443,(anonymous_26)
FN:446,(anonymous_27)
FN:449,(anonymous_28)
FN:453,(anonymous_29)
FN:456,(anonymous_30)
FN:470,(anonymous_31)
FN:501,(anonymous_32)
FN:528,(anonymous_33)
FN:541,(anonymous_34)
FN:551,(anonymous_35)
FN:552,(anonymous_36)
FN:563,(anonymous_37)
FN:573,(anonymous_38)
FN:581,(anonymous_39)
FN:584,(anonymous_40)
FN:594,(anonymous_41)
FN:616,(anonymous_42)
FN:619,(anonymous_43)
FN:620,(anonymous_44)
FN:623,(anonymous_45)
FN:624,(anonymous_46)
FN:625,(anonymous_47)
FN:626,(anonymous_48)
FN:629,(anonymous_49)
FN:630,(anonymous_50)
FN:631,(anonymous_51)
FN:634,(anonymous_52)
FN:635,(anonymous_53)
FN:636,(anonymous_54)
FN:639,(anonymous_55)
FN:652,(anonymous_56)
FN:656,(anonymous_57)
FN:680,(anonymous_58)
FN:687,(anonymous_59)
FN:691,(anonymous_60)
FN:709,(anonymous_61)
FN:725,(anonymous_62)
FN:743,(anonymous_63)
FN:141,(anonymous_64)
FNF:62
FNH:2
FNDA:0,(anonymous_3)
FNDA:0,(anonymous_4)
FNDA:0,(anonymous_5)
FNDA:0,(anonymous_6)
FNDA:0,(anonymous_7)
FNDA:0,(anonymous_8)
FNDA:0,(anonymous_9)
FNDA:0,(anonymous_10)
FNDA:0,(anonymous_11)
FNDA:0,(anonymous_12)
FNDA:0,(anonymous_13)
FNDA:0,(anonymous_14)
FNDA:0,(anonymous_15)
FNDA:0,(anonymous_16)
FNDA:0,(anonymous_17)
FNDA:0,(anonymous_18)
FNDA:0,(anonymous_19)
FNDA:713,(anonymous_20)
FNDA:0,(anonymous_21)
FNDA:0,(anonymous_22)
FNDA:0,(anonymous_23)
FNDA:0,(anonymous_24)
FNDA:0,(anonymous_25)
FNDA:0,(anonymous_26)
FNDA:0,(anonymous_27)
FNDA:0,(anonymous_28)
FNDA:0,(anonymous_29)
FNDA:0,(anonymous_30)
FNDA:0,(anonymous_31)
FNDA:0,(anonymous_32)
FNDA:0,(anonymous_33)
FNDA:0,(anonymous_34)
FNDA:0,(anonymous_35)
FNDA:0,(anonymous_36)
FNDA:0,(anonymous_37)
FNDA:0,(anonymous_38)
FNDA:0,(anonymous_39)
FNDA:0,(anonymous_40)
FNDA:0,(anonymous_41)
FNDA:0,(anonymous_42)
FNDA:0,(anonymous_43)
FNDA:0,(anonymous_44)
FNDA:0,(anonymous_45)
FNDA:0,(anonymous_46)
FNDA:0,(anonymous_47)
FNDA:0,(anonymous_48)
FNDA:0,(anonymous_49)
FNDA:0,(anonymous_50)
FNDA:0,(anonymous_51)
FNDA:0,(anonymous_52)
FNDA:0,(anonymous_53)
FNDA:0,(anonymous_54)
FNDA:0,(anonymous_55)
FNDA:0,(anonymous_56)
FNDA:0,(anonymous_57)
FNDA:0,(anonymous_58)
FNDA:0,(anonymous_59)
FNDA:0,(anonymous_60)
FNDA:0,(anonymous_61)
FNDA:0,(anonymous_62)
FNDA:0,(anonymous_63)
FNDA:4,(anonymous_64)
DA:9,4
DA:11,4
DA:12,4
DA:112,4
DA:121,4
DA:122,4
DA:125,4
DA:127,4
DA:128,4
DA:134,4
DA:142,4
DA:145,4
DA:146,0
DA:147,0
DA:159,0
DA:167,0
DA:175,0
DA:184,0
DA:185,0
DA:188,0
DA:199,0
DA:200,0
DA:202,0
DA:205,0
DA:214,0
DA:216,0
DA:217,0
DA:224,0
DA:225,0
DA:226,0
DA:228,0
DA:229,0
DA:231,0
DA:240,0
DA:254,0
DA:263,0
DA:265,0
DA:276,0
DA:278,0
DA:279,0
DA:282,0
DA:283,0
DA:287,0
DA:295,0
DA:296,0
DA:297,0
DA:298,0
DA:299,0
DA:300,0
DA:302,0
DA:316,713
DA:319,0
DA:321,0
DA:330,0
DA:333,0
DA:334,0
DA:338,0
DA:341,0
DA:342,0
DA:351,0
DA:359,0
DA:362,0
DA:363,0
DA:366,0
DA:367,0
DA:376,0
DA:378,0
DA:384,0
DA:392,0
DA:393,0
DA:395,0
DA:396,0
DA:399,0
DA:400,0
DA:409,0
DA:410,0
DA:413,0
DA:414,0
DA:415,0
DA:417,0
DA:418,0
DA:422,0
DA:433,0
DA:434,0
DA:435,0
DA:444,0
DA:446,0
DA:447,0
DA:448,0
DA:449,0
DA:453,0
DA:454,0
DA:455,0
DA:456,0
DA:460,0
DA:461,0
DA:464,0
DA:471,0
DA:473,0
DA:474,0
DA:475,0
DA:493,0
DA:494,0
DA:502,0
DA:504,0
DA:505,0
DA:508,0
DA:509,0
DA:511,0
DA:528,0
DA:542,0
DA:543,0
DA:544,0
DA:552,0
DA:553,0
DA:554,0
DA:557,0
DA:564,0
DA:567,0
DA:568,0
DA:569,0
DA:571,0
DA:572,0
DA:573,0
DA:574,0
DA:580,0
DA:581,0
DA:582,0
DA:583,0
DA:584,0
DA:585,0
DA:595,0
DA:596,0
DA:597,0
DA:599,0
DA:601,0
DA:603,0
DA:604,0
DA:606,0
DA:607,0
DA:609,0
DA:617,0
DA:619,0
DA:620,0
DA:623,0
DA:624,0
DA:625,0
DA:626,0
DA:629,0
DA:630,0
DA:631,0
DA:634,0
DA:635,0
DA:636,0
DA:640,0
DA:643,0
DA:653,0
DA:656,0
DA:657,0
DA:658,0
DA:674,0
DA:681,0
DA:684,0
DA:685,0
DA:686,0
DA:687,0
DA:688,0
DA:691,0
DA:703,0
DA:710,0
DA:711,0
DA:714,0
DA:726,0
DA:737,0
DA:744,0
DA:755,0
DA:760,713
LF:177
LH:14
BRDA:216,0,0,0
BRDA:275,1,0,0
BRDA:278,2,0,0
BRDA:282,3,0,0
BRDA:316,4,0,713
BRDA:319,5,0,0
BRDA:319,5,1,0
BRDA:327,6,0,0
BRDA:327,6,1,0
BRDA:333,7,0,0
BRDA:341,8,0,0
BRDA:362,9,0,0
BRDA:366,10,0,0
BRDA:366,10,1,0
BRDA:376,11,0,0
BRDA:393,12,0,0
BRDA:395,13,0,0
BRDA:413,14,0,0
BRDA:414,15,0,0
BRDA:414,15,1,0
BRDA:447,16,0,0
BRDA:454,17,0,0
BRDA:460,18,0,0
BRDA:471,19,0,0
BRDA:471,20,0,0
BRDA:471,20,1,0
BRDA:502,21,0,0
BRDA:518,22,0,0
BRDA:518,22,1,0
BRDA:519,23,0,0
BRDA:519,23,1,0
BRDA:520,24,0,0
BRDA:520,24,1,0
BRDA:542,25,0,0
BRDA:553,26,0,0
BRDA:568,27,0,0
BRDA:571,28,0,0
BRDA:582,29,0,0
BRDA:601,30,0,0
BRDA:601,30,1,0
BRDA:601,30,2,0
BRDA:684,31,0,0
BRDA:684,32,0,0
BRDA:684,32,1,0
BRDA:686,33,0,0
BRDA:686,34,0,0
BRDA:686,34,1,0
BRDA:696,35,0,0
BRDA:696,35,1,0
BRDA:697,36,0,0
BRDA:697,36,1,0
BRDA:710,37,0,0
BRDA:737,38,0,0
BRDA:737,38,1,0
BRDA:755,39,0,0
BRDA:755,39,1,0
BRDA:145,40,0,0
BRF:57
BRH:1
end_of_record
TN:
SF:src/debug/debugLogger.ts
FN:16,(anonymous_1)
FN:23,(anonymous_2)
FN:30,(anonymous_3)
FN:37,(anonymous_4)
FN:44,(anonymous_5)
FN:51,(anonymous_6)
FN:58,(anonymous_7)
FN:65,(anonymous_8)
FNF:8
FNH:6
FNDA:0,(anonymous_1)
FNDA:23,(anonymous_2)
FNDA:253,(anonymous_3)
FNDA:210,(anonymous_4)
FNDA:0,(anonymous_5)
FNDA:31,(anonymous_6)
FNDA:112,(anonymous_7)
FNDA:84,(anonymous_8)
DA:6,4
DA:12,713
DA:17,0
DA:24,23
DA:31,253
DA:38,210
DA:45,0
DA:52,31
DA:59,112
DA:66,84
LF:10
LH:8
BRDA:66,0,0,84
BRDA:66,0,1,0
BRF:2
BRH:1
end_of_record
TN:
SF:src/hooks/index.ts
FNF:0
FNH:0
DA:1,2
DA:2,2
DA:3,2
DA:4,2
DA:5,2
DA:6,2
DA:9,28
DA:10,0
DA:11,0
DA:12,0
DA:13,0
DA:14,0
LF:12
LH:7
BRF:0
BRH:0
end_of_record
TN:
SF:src/hooks/useDebugSticky.ts
FN:23,(anonymous_1)
FN:40,(anonymous_2)
FN:71,(anonymous_3)
FN:82,(anonymous_4)
FN:94,(anonymous_5)
FN:120,(anonymous_6)
FN:139,(anonymous_7)
FN:146,(anonymous_8)
FN:162,(anonymous_9)
FNF:9
FNH:0
FNDA:0,(anonymous_1)
FNDA:0,(anonymous_2)
FNDA:0,(anonymous_3)
FNDA:0,(anonymous_4)
FNDA:0,(anonymous_5)
FNDA:0,(anonymous_6)
FNDA:0,(anonymous_7)
FNDA:0,(anonymous_8)
FNDA:0,(anonymous_9)
DA:1,2
DA:3,2
DA:5,2
DA:7,2
DA:23,2
DA:24,0
DA:25,0
DA:27,0
DA:35,0
DA:40,0
DA:41,0
DA:43,0
DA:44,0
DA:46,0
DA:47,0
DA:60,0
DA:61,0
DA:64,0
DA:71,0
DA:72,0
DA:82,0
DA:83,0
DA:94,0
DA:95,0
DA:98,0
DA:99,0
DA:100,0
DA:102,0
DA:107,0
DA:108,0
DA:114,0
DA:120,0
DA:121,0
DA:122,0
DA:133,0
DA:139,0
DA:140,0
DA:146,0
DA:147,0
DA:150,0
DA:162,0
LF:41
LH:5
BRDA:25,0,0,0
BRDA:25,0,1,0
BRDA:25,0,2,0
BRDA:41,1,0,0
BRDA:46,2,0,0
BRDA:60,3,0,0
BRDA:60,4,0,0
BRDA:60,4,1,0
BRDA:95,5,0,0
BRDA:107,6,0,0
BRDA:121,7,0,0
BRDA:140,8,0,0
BRDA:140,8,1,0
BRF:13
BRH:0
end_of_record
TN:
SF:src/hooks/useResponsiveSticky.ts
FN:19,(anonymous_1)
FN:27,(anonymous_2)
FN:30,(anonymous_3)
FN:35,(anonymous_4)
FN:44,(anonymous_5)
FN:73,(anonymous_6)
FNF:6
FNH:0
FNDA:0,(anonymous_1)
FNDA:0,(anonymous_2)
FNDA:0,(anonymous_3)
FNDA:0,(anonymous_4)
FNDA:0,(anonymous_5)
FNDA:0,(anonymous_6)
DA:1,2
DA:4,2
DA:7,2
DA:8,2
DA:19,2
DA:20,0
DA:27,0
DA:28,0
DA:30,0
DA:31,0
DA:32,0
DA:35,0
DA:36,0
DA:37,0
DA:44,0
DA:45,0
DA:47,0
DA:48,0
DA:49,0
DA:52,0
DA:56,0
DA:61,0
DA:67,0
DA:73,0
DA:74,0
DA:78,0
DA:85,0
DA:87,0
LF:28
LH:5
BRDA:47,0,0,0
BRDA:49,1,0,0
BRDA:49,1,1,0
BRDA:58,2,0,0
BRDA:58,2,1,0
BRDA:74,3,0,0
BRDA:74,3,1,0
BRDA:81,4,0,0
BRDA:81,4,1,0
BRDA:81,5,0,0
BRDA:81,5,1,0
BRF:11
BRH:0
end_of_record
TN:
SF:src/hooks/useSSRSticky.ts
FN:18,(anonymous_1)
FN:25,(anonymous_2)
FN:33,(anonymous_3)
FN:40,(anonymous_4)
FNF:4
FNH:0
FNDA:0,(anonymous_1)
FNDA:0,(anonymous_2)
FNDA:0,(anonymous_3)
FNDA:0,(anonymous_4)
DA:1,2
DA:4,2
DA:7,2
DA:8,2
DA:18,2
DA:19,0
DA:20,0
DA:25,0
DA:26,0
DA:31,0
DA:33,0
DA:34,0
DA:40,0
DA:41,0
DA:45,0
DA:51,0
DA:56,0
DA:58,0
LF:18
LH:5
BRDA:31,0,0,0
BRDA:36,1,0,0
BRDA:36,1,1,0
BRDA:36,2,0,0
BRDA:36,2,1,0
BRDA:36,3,0,0
BRDA:36,3,1,0
BRDA:42,4,0,0
BRDA:42,4,1,0
BRDA:42,5,0,0
BRDA:42,5,1,0
BRDA:42,6,0,0
BRDA:42,6,1,0
BRDA:46,7,0,0
BRDA:46,7,1,0
BRDA:46,8,0,0
BRDA:46,8,1,0
BRDA:53,9,0,0
BRDA:53,9,1,0
BRF:19
BRH:0
end_of_record
TN:
SF:src/hooks/useSticky.ts
FN:25,(anonymous_1)
FN:31,(anonymous_2)
FN:50,(anonymous_3)
FN:94,(anonymous_4)
FN:157,(anonymous_5)
FN:183,(anonymous_6)
FN:224,(anonymous_7)
FN:258,(anonymous_8)
FN:280,(anonymous_9)
FN:302,(anonymous_10)
FN:322,(anonymous_11)
FN:343,(anonymous_12)
FNF:12
FNH:12
FNDA:38,(anonymous_1)
FNDA:21,(anonymous_2)
FNDA:21,(anonymous_3)
FNDA:21,(anonymous_4)
FNDA:13,(anonymous_5)
FNDA:34,(anonymous_6)
FNDA:36,(anonymous_7)
FNDA:5,(anonymous_8)
FNDA:5,(anonymous_9)
FNDA:2,(anonymous_10)
FNDA:2,(anonymous_11)
FNDA:36,(anonymous_12)
DA:8,3
DA:14,3
DA:16,3
DA:17,3
DA:25,39
DA:26,38
DA:27,36
DA:28,36
DA:31,36
DA:32,21
DA:35,21
DA:41,21
DA:50,36
DA:52,21
DA:62,21
DA:70,21
DA:77,21
DA:94,36
DA:95,21
DA:97,8
DA:102,8
DA:105,13
DA:107,13
DA:121,13
DA:124,13
DA:125,2
DA:128,2
DA:133,13
DA:136,13
DA:143,0
DA:153,0
DA:157,13
DA:158,13
DA:160,13
DA:165,13
DA:168,13
DA:172,0
DA:183,36
DA:184,34
DA:186,8
DA:190,8
DA:193,26
DA:195,26
DA:200,26
DA:204,0
DA:215,36
DA:216,36
DA:217,36
DA:218,36
DA:224,36
DA:225,36
DA:227,0
DA:229,0
DA:237,0
DA:240,0
DA:244,0
DA:258,36
DA:259,5
DA:261,5
DA:267,5
DA:271,0
DA:276,0
DA:280,36
DA:281,5
DA:283,5
DA:290,5
DA:294,0
DA:298,0
DA:302,36
DA:303,2
DA:305,2
DA:310,2
DA:314,0
DA:318,0
DA:322,36
DA:323,2
DA:325,2
DA:330,2
DA:334,0
DA:338,0
DA:343,36
DA:344,36
DA:353,36
LF:83
LH:66
BRDA:32,0,0,21
BRDA:32,0,1,1
BRDA:54,1,0,21
BRDA:54,1,1,0
BRDA:55,2,0,21
BRDA:55,2,1,0
BRDA:56,3,0,21
BRDA:56,3,1,20
BRDA:58,4,0,0
BRDA:58,4,1,21
BRDA:58,5,0,21
BRDA:58,5,1,21
BRDA:64,6,0,21
BRDA:64,6,1,0
BRDA:65,7,0,21
BRDA:65,7,1,0
BRDA:66,8,0,21
BRDA:66,8,1,0
BRDA:95,9,0,8
BRDA:95,10,0,21
BRDA:95,10,1,13
BRDA:100,11,0,8
BRDA:100,11,1,0
BRDA:124,12,0,2
BRDA:144,13,0,0
BRDA:144,13,1,0
BRDA:146,14,0,0
BRDA:146,14,1,0
BRDA:173,15,0,0
BRDA:173,15,1,0
BRDA:184,16,0,8
BRDA:205,17,0,0
BRDA:205,17,1,0
BRDA:216,18,0,36
BRDA:216,18,1,21
BRDA:216,19,0,21
BRDA:216,19,1,15
BRDA:216,20,0,36
BRDA:216,20,1,36
BRDA:218,21,0,36
BRDA:218,21,1,26
BRDA:218,22,0,21
BRDA:218,22,1,15
BRDA:218,23,0,36
BRDA:218,23,1,36
BRDA:225,24,0,36
BRDA:225,25,0,36
BRDA:225,25,1,1
BRDA:230,26,0,0
BRDA:230,26,1,0
BRDA:230,27,0,0
BRDA:230,27,1,0
BRDA:230,28,0,0
BRDA:230,28,1,0
BRDA:245,29,0,0
BRDA:245,29,1,0
BRDA:272,30,0,0
BRDA:272,30,1,0
BRDA:295,31,0,0
BRDA:295,31,1,0
BRDA:315,32,0,0
BRDA:315,32,1,0
BRDA:335,33,0,0
BRDA:335,33,1,0
BRF:64
BRH:33
end_of_record
TN:
SF:src/hooks/useStickyGroup.ts
FN:27,(anonymous_1)
FN:34,(anonymous_2)
FN:48,(anonymous_3)
FN:56,(anonymous_4)
FN:57,(anonymous_5)
FN:64,(anonymous_6)
FN:72,(anonymous_7)
FN:80,(anonymous_8)
FN:85,(anonymous_9)
FN:107,(anonymous_10)
FN:108,(anonymous_11)
FN:113,(anonymous_12)
FN:116,(anonymous_13)
FN:117,(anonymous_14)
FN:118,(anonymous_15)
FN:119,(anonymous_16)
FN:120,(anonymous_17)
FNF:17
FNH:0
FNDA:0,(anonymous_1)
FNDA:0,(anonymous_2)
FNDA:0,(anonymous_3)
FNDA:0,(anonymous_4)
FNDA:0,(anonymous_5)
FNDA:0,(anonymous_6)
FNDA:0,(anonymous_7)
FNDA:0,(anonymous_8)
FNDA:0,(anonymous_9)
FNDA:0,(anonymous_10)
FNDA:0,(anonymous_11)
FNDA:0,(anonymous_12)
FNDA:0,(anonymous_13)
FNDA:0,(anonymous_14)
FNDA:0,(anonymous_15)
FNDA:0,(anonymous_16)
FNDA:0,(anonymous_17)
DA:1,2
DA:3,2
DA:5,2
DA:27,2
DA:28,0
DA:29,0
DA:34,0
DA:35,0
DA:36,0
DA:40,0
DA:47,0
DA:48,0
DA:49,0
DA:56,0
DA:57,0
DA:64,0
DA:65,0
DA:69,0
DA:72,0
DA:73,0
DA:77,0
DA:80,0
DA:81,0
DA:85,0
DA:87,0
DA:88,0
DA:98,0
DA:107,0
DA:108,0
DA:109,0
DA:113,0
DA:114,0
DA:116,0
DA:117,0
DA:118,0
DA:119,0
DA:120,0
DA:122,0
DA:125,0
LF:39
LH:4
BRDA:29,0,0,0
BRDA:29,1,0,0
BRDA:35,2,0,0
BRDA:35,3,0,0
BRDA:35,3,1,0
BRDA:37,4,0,0
BRDA:37,4,1,0
BRDA:49,5,0,0
BRDA:49,5,1,0
BRDA:114,6,0,0
BRF:10
BRH:0
end_of_record
TN:
SF:src/hooks/useStickyObserver.ts
FN:15,(anonymous_1)
FN:29,(anonymous_2)
FN:33,(anonymous_3)
FN:34,(anonymous_4)
FN:45,(anonymous_5)
FN:53,(anonymous_6)
FN:63,(anonymous_7)
FN:73,(anonymous_8)
FNF:8
FNH:0
FNDA:0,(anonymous_1)
FNDA:0,(anonymous_2)
FNDA:0,(anonymous_3)
FNDA:0,(anonymous_4)
FNDA:0,(anonymous_5)
FNDA:0,(anonymous_6)
FNDA:0,(anonymous_7)
FNDA:0,(anonymous_8)
DA:1,2
DA:3,2
DA:15,2
DA:16,0
DA:17,0
DA:18,0
DA:24,0
DA:29,0
DA:30,0
DA:32,0
DA:34,0
DA:35,0
DA:45,0
DA:46,0
DA:53,0
DA:54,0
DA:56,0
DA:57,0
DA:63,0
DA:64,0
DA:66,0
DA:67,0
DA:73,0
DA:74,0
DA:75,0
DA:78,0
LF:26
LH:3
BRDA:15,0,0,0
BRDA:21,1,0,0
BRDA:22,2,0,0
BRDA:30,3,0,0
BRDA:35,4,0,0
BRDA:35,4,1,0
BRDA:35,5,0,0
BRDA:35,5,1,0
BRDA:46,6,0,0
BRDA:46,6,1,0
BRDA:46,7,0,0
BRDA:46,7,1,0
BRDA:54,8,0,0
BRDA:54,9,0,0
BRDA:54,9,1,0
BRDA:64,10,0,0
BRDA:64,11,0,0
BRDA:64,11,1,0
BRDA:74,12,0,0
BRDA:74,12,1,0
BRDA:74,13,0,0
BRDA:74,13,1,0
BRF:22
BRH:0
end_of_record
TN:
SF:src/strategies/positioning.ts
FN:37,(anonymous_1)
FN:41,(anonymous_2)
FN:80,(anonymous_3)
FN:84,(anonymous_4)
FN:103,(anonymous_5)
FN:107,(anonymous_6)
FN:158,(anonymous_7)
FN:165,(anonymous_8)
FN:172,(anonymous_9)
FN:195,(anonymous_10)
FN:148,(anonymous_11)
FNF:11
FNH:0
FNDA:0,(anonymous_1)
FNDA:0,(anonymous_2)
FNDA:0,(anonymous_3)
FNDA:0,(anonymous_4)
FNDA:0,(anonymous_5)
FNDA:0,(anonymous_6)
FNDA:0,(anonymous_7)
FNDA:0,(anonymous_8)
FNDA:0,(anonymous_9)
FNDA:0,(anonymous_10)
FNDA:0,(anonymous_11)
DA:34,0
DA:38,0
DA:42,0
DA:43,0
DA:46,0
DA:51,0
DA:53,0
DA:54,0
DA:55,0
DA:57,0
DA:58,0
DA:59,0
DA:61,0
DA:62,0
DA:63,0
DA:65,0
DA:66,0
DA:67,0
DA:70,0
DA:77,0
DA:81,0
DA:85,0
DA:87,0
DA:100,0
DA:104,0
DA:108,0
DA:109,0
DA:110,0
DA:113,0
DA:114,0
DA:115,0
DA:116,0
DA:119,0
DA:121,0
DA:122,0
DA:125,0
DA:126,0
DA:129,0
DA:130,0
DA:133,0
DA:134,0
DA:138,0
DA:146,0
DA:150,0
DA:151,0
DA:152,0
DA:159,0
DA:166,0
DA:174,0
DA:175,0
DA:176,0
DA:177,0
DA:182,0
DA:183,0
DA:184,0
DA:189,0
DA:200,0
DA:201,0
DA:206,0
LF:59
LH:0
BRDA:48,0,0,0
BRDA:48,0,1,0
BRDA:51,1,0,0
BRDA:51,1,1,0
BRDA:51,1,2,0
BRDA:51,1,3,0
BRDA:53,2,0,0
BRDA:53,2,1,0
BRDA:57,3,0,0
BRDA:57,3,1,0
BRDA:61,4,0,0
BRDA:61,4,1,0
BRDA:65,5,0,0
BRDA:65,5,1,0
BRDA:91,6,0,0
BRDA:91,6,1,0
BRDA:121,7,0,0
BRDA:121,8,0,0
BRDA:121,8,1,0
BRDA:122,9,0,0
BRDA:122,9,1,0
BRDA:125,10,0,0
BRDA:125,11,0,0
BRDA:125,11,1,0
BRDA:126,12,0,0
BRDA:126,12,1,0
BRDA:129,13,0,0
BRDA:129,14,0,0
BRDA:129,14,1,0
BRDA:130,15,0,0
BRDA:130,15,1,0
BRDA:133,16,0,0
BRDA:133,17,0,0
BRDA:133,17,1,0
BRDA:134,18,0,0
BRDA:134,18,1,0
BRDA:138,19,0,0
BRDA:138,19,1,0
BRDA:166,20,0,0
BRDA:166,20,1,0
BRDA:174,21,0,0
BRDA:176,22,0,0
BRDA:176,23,0,0
BRDA:176,23,1,0
BRDA:183,24,0,0
BRF:45
BRH:0
end_of_record
TN:
SF:src/types/guards.ts
FN:13,isNotNullish
FN:20,isString
FN:27,isNumber
FN:34,isPositiveNumber
FN:41,isBoolean
FN:48,isFunction
FN:55,isObject
FN:62,isHTMLElement
FN:71,isStickyDirection
FN:78,isStickyState
FN:85,isStickyConfig
FN:109,isElementInDOM
FN:116,isElementVisible
FN:126,isValidDOMRect
FN:143,supportsIntersectionObserver
FN:152,supportsResizeObserver
FN:159,supportsStickyPosition
FN:170,isBrowser
FN:178,isServer
FN:187,hasProperty
FN:197,isArrayOf
FN:207,combineGuards
FN:211,(anonymous_22)
FN:219,isOneOf
FNF:24
FNH:0
FNDA:0,isNotNullish
FNDA:0,isString
FNDA:0,isNumber
FNDA:0,isPositiveNumber
FNDA:0,isBoolean
FNDA:0,isFunction
FNDA:0,isObject
FNDA:0,isHTMLElement
FNDA:0,isStickyDirection
FNDA:0,isStickyState
FNDA:0,isStickyConfig
FNDA:0,isElementInDOM
FNDA:0,isElementVisible
FNDA:0,isValidDOMRect
FNDA:0,supportsIntersectionObserver
FNDA:0,supportsResizeObserver
FNDA:0,supportsStickyPosition
FNDA:0,isBrowser
FNDA:0,isServer
FNDA:0,hasProperty
FNDA:0,isArrayOf
FNDA:0,combineGuards
FNDA:0,(anonymous_22)
FNDA:0,isOneOf
DA:14,0
DA:21,0
DA:28,0
DA:35,0
DA:42,0
DA:49,0
DA:56,0
DA:63,0
DA:72,0
DA:79,0
DA:86,0
DA:88,0
DA:91,0
DA:92,0
DA:93,0
DA:96,0
DA:97,0
DA:98,0
DA:99,0
DA:101,0
DA:110,0
DA:117,0
DA:118,0
DA:127,0
DA:129,0
DA:130,0
DA:144,0
DA:153,0
DA:160,0
DA:162,0
DA:163,0
DA:164,0
DA:171,0
DA:179,0
DA:191,0
DA:201,0
DA:211,0
DA:212,0
DA:223,0
LF:39
LH:0
BRDA:14,0,0,0
BRDA:14,0,1,0
BRDA:28,1,0,0
BRDA:28,1,1,0
BRDA:28,1,2,0
BRDA:35,2,0,0
BRDA:35,2,1,0
BRDA:56,3,0,0
BRDA:56,3,1,0
BRDA:56,3,2,0
BRDA:72,4,0,0
BRDA:72,4,1,0
BRDA:79,5,0,0
BRDA:79,5,1,0
BRDA:86,6,0,0
BRDA:91,7,0,0
BRDA:91,8,0,0
BRDA:91,8,1,0
BRDA:92,9,0,0
BRDA:92,10,0,0
BRDA:92,10,1,0
BRDA:93,11,0,0
BRDA:93,12,0,0
BRDA:93,12,1,0
BRDA:96,13,0,0
BRDA:96,14,0,0
BRDA:96,14,1,0
BRDA:97,15,0,0
BRDA:97,16,0,0
BRDA:97,16,1,0
BRDA:98,17,0,0
BRDA:98,18,0,0
BRDA:98,18,1,0
BRDA:99,19,0,0
BRDA:99,20,0,0
BRDA:99,20,1,0
BRDA:118,21,0,0
BRDA:118,21,1,0
BRDA:118,21,2,0
BRDA:127,22,0,0
BRDA:130,23,0,0
BRDA:130,23,1,0
BRDA:130,23,2,0
BRDA:130,23,3,0
BRDA:130,23,4,0
BRDA:130,23,5,0
BRDA:144,24,0,0
BRDA:144,24,1,0
BRDA:144,24,2,0
BRDA:153,25,0,0
BRDA:153,25,1,0
BRDA:160,26,0,0
BRDA:171,27,0,0
BRDA:171,27,1,0
BRDA:191,28,0,0
BRDA:191,28,1,0
BRDA:201,29,0,0
BRDA:201,29,1,0
BRDA:212,30,0,0
BRDA:212,30,1,0
BRF:60
BRH:0
end_of_record
TN:
SF:src/utils/env.ts
FN:11,(anonymous_9)
FN:26,(anonymous_10)
FN:33,(anonymous_11)
FN:67,(anonymous_12)
FN:68,(anonymous_13)
FN:69,(anonymous_14)
FN:70,(anonymous_15)
FN:71,(anonymous_16)
FN:81,(anonymous_17)
FN:90,(anonymous_18)
FN:99,(anonymous_19)
FN:106,(anonymous_20)
FNF:12
FNH:4
FNDA:24,(anonymous_9)
FNDA:8,(anonymous_10)
FNDA:4,(anonymous_11)
FNDA:0,(anonymous_12)
FNDA:0,(anonymous_13)
FNDA:0,(anonymous_14)
FNDA:20,(anonymous_15)
FNDA:0,(anonymous_16)
FNDA:0,(anonymous_17)
FNDA:0,(anonymous_18)
FNDA:0,(anonymous_19)
FNDA:0,(anonymous_20)
DA:11,4
DA:13,24
DA:15,24
DA:16,24
DA:20,0
DA:26,4
DA:27,8
DA:33,4
DA:34,4
DA:41,4
DA:67,4
DA:68,4
DA:69,4
DA:70,20
DA:71,4
DA:77,4
DA:82,0
DA:83,0
DA:91,0
DA:92,0
DA:100,0
DA:107,0
DA:108,0
DA:117,4
LF:24
LH:16
BRDA:13,0,0,24
BRDA:13,0,1,0
BRDA:13,1,0,0
BRDA:13,1,1,0
BRDA:13,2,0,0
BRDA:13,2,1,0
BRDA:15,3,0,24
BRDA:15,4,0,24
BRDA:15,4,1,24
BRDA:15,4,2,24
BRDA:27,5,0,8
BRDA:27,5,1,8
BRDA:55,6,0,4
BRDA:55,6,1,4
BRDA:55,6,2,4
BRDA:55,7,0,0
BRDA:55,7,1,4
BRDA:55,8,0,4
BRDA:55,8,1,4
BRDA:56,9,0,4
BRDA:56,9,1,4
BRDA:56,10,0,0
BRDA:56,10,1,4
BRDA:56,11,0,4
BRDA:56,11,1,4
BRDA:82,12,0,0
BRDA:91,13,0,0
BRDA:107,14,0,0
BRDA:118,15,0,4
BRDA:118,15,1,4
BRDA:119,16,0,4
BRDA:119,16,1,4
BRDA:120,17,0,4
BRDA:120,17,1,4
BRDA:121,18,0,4
BRDA:121,18,1,4
BRDA:122,19,0,4
BRDA:122,19,1,4
BRDA:122,19,2,4
BRF:39
BRH:29
end_of_record
TN:
SF:src/utils/id.ts
FN:11,(anonymous_1)
FNF:1
FNH:1
FNDA:1,(anonymous_1)
DA:6,3
DA:11,3
DA:12,1
LF:3
LH:3
BRF:0
BRH:0
end_of_record
TN:
SF:src/utils/performance.ts
FN:43,(anonymous_2)
FN:54,(anonymous_3)
FN:64,(anonymous_4)
FN:94,(anonymous_5)
FN:97,(anonymous_6)
FN:123,(anonymous_7)
FN:154,(anonymous_8)
FN:158,(anonymous_9)
FN:176,(anonymous_10)
FN:190,(anonymous_11)
FN:196,(anonymous_12)
FN:203,(anonymous_13)
FN:210,(anonymous_14)
FN:212,(anonymous_15)
FN:218,(anonymous_16)
FN:225,(anonymous_17)
FN:226,(anonymous_18)
FN:227,(anonymous_19)
FN:239,(anonymous_20)
FN:253,(anonymous_21)
FN:256,(anonymous_22)
FN:261,(anonymous_23)
FN:266,(anonymous_24)
FN:30,(anonymous_25)
FNF:24
FNH:3
FNDA:6,(anonymous_2)
FNDA:6,(anonymous_3)
FNDA:0,(anonymous_4)
FNDA:0,(anonymous_5)
FNDA:0,(anonymous_6)
FNDA:0,(anonymous_7)
FNDA:0,(anonymous_8)
FNDA:0,(anonymous_9)
FNDA:0,(anonymous_10)
FNDA:0,(anonymous_11)
FNDA:0,(anonymous_12)
FNDA:0,(anonymous_13)
FNDA:0,(anonymous_14)
FNDA:0,(anonymous_15)
FNDA:0,(anonymous_16)
FNDA:0,(anonymous_17)
FNDA:0,(anonymous_18)
FNDA:0,(anonymous_19)
FNDA:0,(anonymous_20)
FNDA:0,(anonymous_21)
FNDA:0,(anonymous_22)
FNDA:0,(anonymous_23)
FNDA:0,(anonymous_24)
FNDA:4,(anonymous_25)
DA:6,4
DA:25,4
DA:26,4
DA:27,4
DA:28,4
DA:31,4
DA:44,6
DA:45,0
DA:46,0
DA:47,0
DA:55,6
DA:56,6
DA:57,6
DA:58,6
DA:65,0
DA:67,0
DA:68,0
DA:69,0
DA:71,0
DA:74,0
DA:75,0
DA:79,0
DA:88,0
DA:95,0
DA:97,0
DA:98,0
DA:99,0
DA:100,0
DA:102,0
DA:104,0
DA:105,0
DA:109,0
DA:124,0
DA:126,0
DA:127,0
DA:129,0
DA:131,0
DA:132,0
DA:134,0
DA:137,0
DA:139,0
DA:140,0
DA:155,0
DA:156,0
DA:158,0
DA:159,0
DA:161,0
DA:162,0
DA:177,0
DA:186,0
DA:187,0
DA:190,0
DA:197,0
DA:204,0
DA:211,0
DA:212,0
DA:219,0
DA:221,0
DA:222,0
DA:225,0
DA:226,0
DA:227,0
DA:229,0
DA:239,0
DA:254,0
DA:256,0
DA:257,0
DA:258,0
DA:261,0
DA:262,0
DA:263,0
DA:266,0
DA:267,0
DA:268,0
DA:271,0
DA:278,12
LF:76
LH:12
BRDA:44,0,0,0
BRDA:65,1,0,0
BRDA:74,2,0,0
BRDA:95,3,0,0
BRDA:104,4,0,0
BRDA:124,5,0,0
BRDA:129,6,0,0
BRDA:131,7,0,0
BRDA:131,7,1,0
BRDA:139,8,0,0
BRDA:156,9,0,0
BRDA:161,10,0,0
BRDA:177,11,0,0
BRDA:177,11,1,0
BRDA:197,12,0,0
BRDA:197,12,1,0
BRDA:221,13,0,0
BRDA:257,14,0,0
BRDA:262,15,0,0
BRDA:267,16,0,0
BRDA:271,17,0,0
BRDA:271,17,1,0
BRDA:30,18,0,4
BRF:23
BRH:1
end_of_record
TN:
SF:src/utils/responsive.ts
FN:69,(anonymous_4)
FN:81,(anonymous_5)
FN:88,(anonymous_6)
FN:96,(anonymous_7)
FN:105,(anonymous_8)
FN:108,(anonymous_9)
FN:116,(anonymous_10)
FN:144,(anonymous_11)
FN:154,(anonymous_12)
FN:155,(anonymous_13)
FN:163,(anonymous_14)
FN:166,(anonymous_15)
FN:193,(anonymous_16)
FN:194,(anonymous_17)
FN:55,(anonymous_18)
FN:56,(anonymous_19)
FNF:16
FNH:10
FNDA:8,(anonymous_4)
FNDA:0,(anonymous_5)
FNDA:8,(anonymous_6)
FNDA:0,(anonymous_7)
FNDA:0,(anonymous_8)
FNDA:0,(anonymous_9)
FNDA:16,(anonymous_10)
FNDA:0,(anonymous_11)
FNDA:2,(anonymous_12)
FNDA:8,(anonymous_13)
FNDA:2,(anonymous_14)
FNDA:6,(anonymous_15)
FNDA:2,(anonymous_16)
FNDA:0,(anonymous_17)
FNDA:2,(anonymous_18)
FNDA:8,(anonymous_19)
DA:7,2
DA:28,2
DA:50,2
DA:51,2
DA:52,2
DA:53,2
DA:56,2
DA:57,8
DA:60,2
DA:61,2
DA:62,2
DA:70,8
DA:71,8
DA:73,8
DA:74,8
DA:82,0
DA:89,8
DA:90,8
DA:97,0
DA:99,0
DA:106,0
DA:108,0
DA:109,0
DA:117,16
DA:119,16
DA:120,12
DA:123,16
DA:124,12
DA:127,16
DA:128,0
DA:131,16
DA:132,0
DA:135,16
DA:136,0
DA:139,16
DA:141,16
DA:142,16
DA:144,16
DA:145,0
DA:148,16
DA:155,2
DA:156,8
DA:165,2
DA:166,6
DA:168,2
DA:169,8
DA:170,0
DA:171,0
DA:175,0
DA:176,0
DA:178,0
DA:183,2
DA:184,2
DA:185,2
DA:186,2
DA:194,2
DA:199,2
LF:57
LH:42
BRDA:73,0,0,8
BRDA:90,1,0,8
BRDA:90,1,1,8
BRDA:90,2,0,0
BRDA:90,2,1,8
BRDA:90,3,0,8
BRDA:90,3,1,8
BRDA:97,4,0,0
BRDA:99,5,0,0
BRDA:99,5,1,0
BRDA:119,6,0,12
BRDA:123,7,0,12
BRDA:127,8,0,0
BRDA:131,9,0,0
BRDA:135,10,0,0
BRDA:139,11,0,0
BRDA:166,12,0,6
BRDA:166,12,1,0
BRDA:166,13,0,6
BRDA:166,13,1,2
BRDA:169,14,0,0
BRDA:170,15,0,0
BRDA:183,16,0,2
BRDA:55,17,0,2
BRDA:60,18,0,2
BRF:25
BRH:14
end_of_record
TN:
SF:src/utils/ssr.tsx
FN:38,(anonymous_7)
FN:49,(anonymous_8)
FN:56,(anonymous_9)
FN:57,(anonymous_10)
FN:69,(anonymous_11)
FN:72,(anonymous_12)
FN:77,(anonymous_13)
FN:85,(anonymous_14)
FN:92,(anonymous_15)
FN:94,(anonymous_16)
FN:105,(anonymous_17)
FN:110,(anonymous_18)
FN:113,(anonymous_19)
FN:130,(anonymous_20)
FN:134,(anonymous_21)
FN:26,(anonymous_22)
FN:152,withSSR
FN:156,(anonymous_24)
FN:160,(anonymous_25)
FN:161,(anonymous_26)
FNF:20
FNH:5
FNDA:0,(anonymous_7)
FNDA:0,(anonymous_8)
FNDA:0,(anonymous_9)
FNDA:0,(anonymous_10)
FNDA:0,(anonymous_11)
FNDA:0,(anonymous_12)
FNDA:0,(anonymous_13)
FNDA:0,(anonymous_14)
FNDA:2,(anonymous_15)
FNDA:2,(anonymous_16)
FNDA:2,(anonymous_17)
FNDA:0,(anonymous_18)
FNDA:0,(anonymous_19)
FNDA:2,(anonymous_20)
FNDA:0,(anonymous_21)
FNDA:2,(anonymous_22)
FNDA:0,withSSR
FNDA:0,(anonymous_24)
FNDA:0,(anonymous_25)
FNDA:0,(anonymous_26)
DA:6,2
DA:22,2
DA:23,2
DA:24,2
DA:27,2
DA:29,2
DA:31,2
DA:39,0
DA:50,0
DA:51,0
DA:54,0
DA:56,0
DA:57,0
DA:58,0
DA:63,0
DA:70,0
DA:71,0
DA:72,0
DA:75,0
DA:77,0
DA:78,0
DA:86,0
DA:94,2
DA:96,2
DA:99,0
DA:100,0
DA:104,2
DA:105,2
DA:106,2
DA:110,0
DA:111,0
DA:112,0
DA:113,0
DA:117,0
DA:120,2
DA:121,0
DA:123,2
DA:131,2
DA:134,2
DA:135,0
DA:136,0
DA:138,0
DA:142,2
DA:147,2
DA:152,0
DA:156,0
DA:157,0
DA:158,0
DA:160,0
DA:161,0
DA:162,0
DA:165,0
DA:169,0
LF:53
LH:18
BRDA:50,0,0,0
BRDA:54,1,0,0
BRDA:70,2,0,0
BRDA:86,3,0,0
BRDA:86,3,1,0
BRDA:96,4,0,0
BRDA:96,5,0,2
BRDA:96,5,1,2
BRDA:96,5,2,2
BRDA:104,6,0,2
BRDA:111,7,0,0
BRDA:120,8,0,0
BRDA:120,8,1,2
BRDA:29,9,0,2
BRDA:154,10,0,0
BRDA:169,11,0,0
BRDA:169,12,0,0
BRDA:169,12,1,0
BRDA:169,12,2,0
BRDA:173,13,0,0
BRDA:173,13,1,0
BRF:21
BRH:6
end_of_record
