TN:
SF:src/components/DebugPanel.tsx
FN:28,(anonymous_0)
FN:48,(anonymous_1)
FN:51,(anonymous_2)
FN:56,(anonymous_3)
FN:60,(anonymous_4)
FN:71,(anonymous_5)
FN:72,(anonymous_6)
FN:75,(anonymous_7)
FN:77,(anonymous_8)
FN:80,(anonymous_9)
FN:84,(anonymous_10)
FN:228,(anonymous_13)
FN:231,(anonymous_14)
FN:268,(anonymous_16)
FN:360,(anonymous_20)
FN:380,(anonymous_22)
FN:432,(anonymous_24)
FN:478,getEventIcon
FNF:18
FNH:0
FNDA:0,(anonymous_0)
FNDA:0,(anonymous_1)
FNDA:0,(anonymous_2)
FNDA:0,(anonymous_3)
FNDA:0,(anonymous_4)
FNDA:0,(anonymous_5)
FNDA:0,(anonymous_6)
FNDA:0,(anonymous_7)
FNDA:0,(anonymous_8)
FNDA:0,(anonymous_9)
FNDA:0,(anonymous_10)
FNDA:0,(anonymous_13)
FNDA:0,(anonymous_14)
FNDA:0,(anonymous_16)
FNDA:0,(anonymous_20)
FNDA:0,(anonymous_22)
FNDA:0,(anonymous_24)
FNDA:0,getEventIcon
DA:28,0
DA:35,0
DA:36,0
DA:37,0
DA:40,0
DA:41,0
DA:42,0
DA:48,0
DA:49,0
DA:51,0
DA:56,0
DA:60,0
DA:61,0
DA:67,0
DA:71,0
DA:72,0
DA:75,0
DA:76,0
DA:77,0
DA:80,0
DA:81,0
DA:84,0
DA:85,0
DA:89,0
DA:90,0
DA:229,0
DA:231,0
DA:269,0
DA:361,0
DA:381,0
DA:433,0
DA:479,0
DA:490,0
LF:33
LH:0
BRDA:29,0,0,0
BRDA:30,1,0,0
BRDA:31,2,0,0
BRDA:32,3,0,0
BRDA:49,4,0,0
BRDA:89,5,0,0
BRDA:99,6,0,0
BRDA:99,6,1,0
BRDA:121,7,0,0
BRDA:135,8,0,0
BRDA:139,9,0,0
BRDA:143,10,0,0
BRDA:186,11,0,0
BRDA:186,11,1,0
BRDA:192,12,0,0
BRDA:192,12,1,0
BRDA:200,13,0,0
BRDA:200,13,1,0
BRDA:202,14,0,0
BRDA:202,14,1,0
BRDA:205,15,0,0
BRDA:205,15,1,0
BRDA:235,16,0,0
BRDA:235,16,1,0
BRDA:263,17,0,0
BRDA:263,17,1,0
BRDA:293,18,0,0
BRDA:293,18,1,0
BRDA:320,19,0,0
BRDA:332,20,0,0
BRDA:332,21,0,0
BRDA:332,21,1,0
BRDA:332,22,0,0
BRDA:332,22,1,0
BRDA:336,23,0,0
BRDA:336,24,0,0
BRDA:336,24,1,0
BRDA:336,25,0,0
BRDA:336,25,1,0
BRDA:427,26,0,0
BRDA:427,26,1,0
BRDA:468,27,0,0
BRDA:468,27,1,0
BRDA:469,28,0,0
BRDA:469,28,1,0
BRDA:469,29,0,0
BRDA:469,29,1,0
BRDA:469,30,0,0
BRDA:469,30,1,0
BRDA:469,31,0,0
BRDA:469,31,1,0
BRDA:469,32,0,0
BRDA:469,32,1,0
BRDA:469,33,0,0
BRDA:469,33,1,0
BRDA:490,34,0,0
BRDA:490,34,1,0
BRF:57
BRH:0
end_of_record
TN:
SF:src/components/Sticky.tsx
FN:31,(anonymous_0)
FN:53,(anonymous_1)
FN:73,(anonymous_2)
FNF:3
FNH:0
FNDA:0,(anonymous_0)
FNDA:0,(anonymous_1)
FNDA:0,(anonymous_2)
DA:31,0
DA:48,0
DA:53,0
DA:65,0
DA:73,0
DA:74,0
DA:75,0
DA:87,0
DA:92,0
DA:107,0
LF:10
LH:0
BRDA:33,0,0,0
BRDA:34,1,0,0
BRDA:35,2,0,0
BRDA:67,3,0,0
BRDA:67,3,1,0
BRDA:69,4,0,0
BRDA:69,4,1,0
BRDA:74,5,0,0
BRDA:74,6,0,0
BRDA:74,6,1,0
BRDA:89,7,0,0
BRDA:89,7,1,0
BRF:12
BRH:0
end_of_record
TN:
SF:src/components/StickyContainer.tsx
FN:29,(anonymous_0)
FN:49,(anonymous_1)
FN:55,(anonymous_2)
FN:63,(anonymous_3)
FN:74,(anonymous_4)
FNF:5
FNH:0
FNDA:0,(anonymous_0)
FNDA:0,(anonymous_1)
FNDA:0,(anonymous_2)
FNDA:0,(anonymous_3)
FNDA:0,(anonymous_4)
DA:29,0
DA:42,0
DA:49,0
DA:50,0
DA:55,0
DA:56,0
DA:63,0
DA:64,0
DA:68,0
DA:74,0
DA:84,0
DA:101,0
LF:12
LH:0
BRDA:32,0,0,0
BRDA:33,1,0,0
BRDA:68,2,0,0
BRDA:68,2,1,0
BRDA:68,3,0,0
BRDA:68,3,1,0
BRF:6
BRH:0
end_of_record
TN:
SF:src/context/StickyContext.tsx
FN:23,(anonymous_0)
FN:51,(anonymous_1)
FN:52,(anonymous_2)
FN:63,(anonymous_3)
FN:64,(anonymous_4)
FN:65,(anonymous_5)
FN:68,(anonymous_6)
FN:69,(anonymous_7)
FN:70,(anonymous_8)
FN:83,(anonymous_9)
FN:87,(anonymous_10)
FN:88,(anonymous_11)
FN:103,(anonymous_12)
FNF:13
FNH:0
FNDA:0,(anonymous_0)
FNDA:0,(anonymous_1)
FNDA:0,(anonymous_2)
FNDA:0,(anonymous_3)
FNDA:0,(anonymous_4)
FNDA:0,(anonymous_5)
FNDA:0,(anonymous_6)
FNDA:0,(anonymous_7)
FNDA:0,(anonymous_8)
FNDA:0,(anonymous_9)
FNDA:0,(anonymous_10)
FNDA:0,(anonymous_11)
FNDA:0,(anonymous_12)
DA:12,0
DA:23,0
DA:27,0
DA:30,0
DA:31,0
DA:34,0
DA:39,0
DA:41,0
DA:42,0
DA:48,0
DA:51,0
DA:52,0
DA:53,0
DA:57,0
DA:61,0
DA:63,0
DA:64,0
DA:65,0
DA:68,0
DA:69,0
DA:71,0
DA:72,0
DA:73,0
DA:84,0
DA:85,0
DA:87,0
DA:89,0
DA:103,0
DA:104,0
DA:106,0
DA:107,0
DA:110,0
LF:32
LH:0
BRDA:25,0,0,0
BRDA:30,1,0,0
BRDA:39,2,0,0
BRDA:72,3,0,0
BRDA:85,4,0,0
BRDA:85,4,1,0
BRDA:106,5,0,0
BRF:7
BRH:0
end_of_record
TN:
SF:src/core/StickyManager.enhanced.ts
FN:23,(anonymous_1)
FN:27,(anonymous_2)
FN:55,(anonymous_3)
FN:60,(anonymous_4)
FN:65,(anonymous_5)
FN:80,(anonymous_6)
FN:88,(anonymous_7)
FN:90,(anonymous_8)
FN:102,(anonymous_9)
FNF:9
FNH:0
FNDA:0,(anonymous_1)
FNDA:0,(anonymous_2)
FNDA:0,(anonymous_3)
FNDA:0,(anonymous_4)
FNDA:0,(anonymous_5)
FNDA:0,(anonymous_6)
FNDA:0,(anonymous_7)
FNDA:0,(anonymous_8)
FNDA:0,(anonymous_9)
DA:25,0
DA:27,0
DA:28,0
DA:31,0
DA:39,0
DA:42,0
DA:48,0
DA:56,0
DA:59,0
DA:60,0
DA:63,0
DA:64,0
DA:65,0
DA:70,0
DA:71,0
DA:75,0
DA:76,0
DA:80,0
DA:81,0
DA:89,0
DA:91,0
DA:99,0
DA:103,0
DA:109,0
LF:24
LH:0
BRDA:60,0,0,0
BRDA:60,0,1,0
BRDA:60,1,0,0
BRDA:60,1,1,0
BRDA:63,2,0,0
BRDA:70,3,0,0
BRDA:75,4,0,0
BRDA:75,5,0,0
BRDA:75,5,1,0
BRF:9
BRH:0
end_of_record
TN:
SF:src/core/StickyManager.ts
FN:37,(anonymous_2)
FN:40,(anonymous_3)
FN:41,(anonymous_4)
FN:56,(anonymous_5)
FN:57,(anonymous_6)
FN:69,(anonymous_7)
FN:121,(anonymous_8)
FN:142,(anonymous_9)
FN:155,(anonymous_10)
FN:174,(anonymous_11)
FN:192,(anonymous_12)
FN:211,(anonymous_13)
FN:234,(anonymous_14)
FN:264,(anonymous_15)
FN:302,(anonymous_16)
FN:304,(anonymous_17)
FN:310,(anonymous_18)
FN:313,(anonymous_19)
FN:314,(anonymous_20)
FN:324,(anonymous_21)
FN:325,(anonymous_22)
FN:334,(anonymous_23)
FN:341,(anonymous_24)
FN:348,(anonymous_25)
FN:358,(anonymous_26)
FN:359,(anonymous_27)
FN:362,(anonymous_28)
FN:373,(anonymous_29)
FN:384,(anonymous_30)
FN:401,(anonymous_31)
FN:408,(anonymous_32)
FN:413,(anonymous_33)
FN:415,(anonymous_34)
FN:417,(anonymous_35)
FN:424,(anonymous_36)
FN:428,(anonymous_37)
FN:436,(anonymous_38)
FN:444,(anonymous_39)
FN:446,(anonymous_40)
FN:454,(anonymous_41)
FN:21,(anonymous_42)
FNF:41
FNH:0
FNDA:0,(anonymous_2)
FNDA:0,(anonymous_3)
FNDA:0,(anonymous_4)
FNDA:0,(anonymous_5)
FNDA:0,(anonymous_6)
FNDA:0,(anonymous_7)
FNDA:0,(anonymous_8)
FNDA:0,(anonymous_9)
FNDA:0,(anonymous_10)
FNDA:0,(anonymous_11)
FNDA:0,(anonymous_12)
FNDA:0,(anonymous_13)
FNDA:0,(anonymous_14)
FNDA:0,(anonymous_15)
FNDA:0,(anonymous_16)
FNDA:0,(anonymous_17)
FNDA:0,(anonymous_18)
FNDA:0,(anonymous_19)
FNDA:0,(anonymous_20)
FNDA:0,(anonymous_21)
FNDA:0,(anonymous_22)
FNDA:0,(anonymous_23)
FNDA:0,(anonymous_24)
FNDA:0,(anonymous_25)
FNDA:0,(anonymous_26)
FNDA:0,(anonymous_27)
FNDA:0,(anonymous_28)
FNDA:0,(anonymous_29)
FNDA:0,(anonymous_30)
FNDA:0,(anonymous_31)
FNDA:0,(anonymous_32)
FNDA:0,(anonymous_33)
FNDA:0,(anonymous_34)
FNDA:0,(anonymous_35)
FNDA:0,(anonymous_36)
FNDA:0,(anonymous_37)
FNDA:0,(anonymous_38)
FNDA:0,(anonymous_39)
FNDA:0,(anonymous_40)
FNDA:0,(anonymous_41)
FNDA:0,(anonymous_42)
DA:12,0
DA:13,0
DA:14,0
DA:16,0
DA:17,0
DA:18,0
DA:19,0
DA:22,0
DA:24,0
DA:25,0
DA:26,0
DA:27,0
DA:29,0
DA:30,0
DA:39,0
DA:41,0
DA:42,0
DA:43,0
DA:44,0
DA:56,0
DA:57,0
DA:58,0
DA:59,0
DA:60,0
DA:71,0
DA:72,0
DA:73,0
DA:74,0
DA:77,0
DA:82,0
DA:83,0
DA:85,0
DA:98,0
DA:101,0
DA:108,0
DA:109,0
DA:112,0
DA:115,0
DA:123,0
DA:124,0
DA:125,0
DA:126,0
DA:129,0
DA:135,0
DA:136,0
DA:139,0
DA:142,0
DA:143,0
DA:146,0
DA:149,0
DA:157,0
DA:158,0
DA:160,0
DA:163,0
DA:164,0
DA:167,0
DA:168,0
DA:176,0
DA:177,0
DA:178,0
DA:181,0
DA:194,0
DA:195,0
DA:197,0
DA:198,0
DA:199,0
DA:202,0
DA:203,0
DA:205,0
DA:213,0
DA:214,0
DA:215,0
DA:218,0
DA:220,0
DA:222,0
DA:223,0
DA:224,0
DA:227,0
DA:235,0
DA:236,0
DA:239,0
DA:240,0
DA:243,0
DA:245,0
DA:248,0
DA:251,0
DA:254,0
DA:257,0
DA:265,0
DA:266,0
DA:269,0
DA:274,0
DA:276,0
DA:280,0
DA:281,0
DA:284,0
DA:288,0
DA:289,0
DA:293,0
DA:294,0
DA:295,0
DA:304,0
DA:311,0
DA:313,0
DA:314,0
DA:315,0
DA:317,0
DA:325,0
DA:326,0
DA:327,0
DA:335,0
DA:342,0
DA:349,0
DA:355,0
DA:359,0
DA:364,0
DA:365,0
DA:366,0
DA:370,0
DA:374,0
DA:375,0
DA:376,0
DA:377,0
DA:378,0
DA:379,0
DA:380,0
DA:381,0
DA:386,0
DA:387,0
DA:390,0
DA:391,0
DA:392,0
DA:393,0
DA:394,0
DA:398,0
DA:403,0
DA:404,0
DA:409,0
DA:410,0
DA:415,0
DA:416,0
DA:417,0
DA:418,0
DA:420,0
DA:425,0
DA:430,0
DA:438,0
DA:446,0
DA:447,0
DA:455,0
DA:456,0
DA:457,0
DA:459,0
DA:460,0
DA:463,0
DA:464,0
DA:467,0
DA:468,0
LF:158
LH:0
BRDA:43,0,0,0
BRDA:59,1,0,0
BRDA:71,2,0,0
BRDA:83,3,0,0
BRDA:83,3,1,0
BRDA:108,4,0,0
BRDA:108,4,1,0
BRDA:108,5,0,0
BRDA:108,5,1,0
BRDA:109,6,0,0
BRDA:109,6,1,0
BRDA:109,7,0,0
BRDA:109,7,1,0
BRDA:124,8,0,0
BRDA:135,9,0,0
BRDA:135,9,1,0
BRDA:135,10,0,0
BRDA:135,10,1,0
BRDA:136,11,0,0
BRDA:136,11,1,0
BRDA:136,12,0,0
BRDA:136,12,1,0
BRDA:158,13,0,0
BRDA:163,14,0,0
BRDA:176,15,0,0
BRDA:197,16,0,0
BRDA:197,17,0,0
BRDA:197,17,1,0
BRDA:213,18,0,0
BRDA:213,19,0,0
BRDA:213,19,1,0
BRDA:222,20,0,0
BRDA:239,21,0,0
BRDA:239,22,0,0
BRDA:239,22,1,0
BRDA:243,23,0,0
BRDA:243,23,1,0
BRDA:243,23,2,0
BRDA:243,23,3,0
BRDA:243,23,4,0
BRDA:245,24,0,0
BRDA:245,24,1,0
BRDA:245,25,0,0
BRDA:245,25,1,0
BRDA:248,26,0,0
BRDA:248,26,1,0
BRDA:248,27,0,0
BRDA:248,27,1,0
BRDA:251,28,0,0
BRDA:251,28,1,0
BRDA:251,29,0,0
BRDA:251,29,1,0
BRDA:254,30,0,0
BRDA:254,30,1,0
BRDA:254,31,0,0
BRDA:254,31,1,0
BRDA:270,32,0,0
BRDA:270,32,1,0
BRDA:274,33,0,0
BRDA:274,33,1,0
BRDA:274,33,2,0
BRDA:274,33,3,0
BRDA:278,34,0,0
BRDA:278,34,1,0
BRDA:311,35,0,0
BRDA:366,36,0,0
BRDA:366,36,1,0
BRDA:390,37,0,0
BRDA:391,38,0,0
BRDA:391,38,1,0
BRDA:392,39,0,0
BRDA:392,39,1,0
BRDA:393,40,0,0
BRDA:393,40,1,0
BRDA:394,41,0,0
BRDA:394,41,1,0
BRDA:403,42,0,0
BRDA:455,43,0,0
BRDA:459,44,0,0
BRDA:459,44,1,0
BRDA:459,45,0,0
BRDA:459,45,1,0
BRDA:460,46,0,0
BRDA:460,46,1,0
BRDA:460,47,0,0
BRDA:460,47,1,0
BRDA:463,48,0,0
BRDA:24,49,0,0
BRF:88
BRH:0
end_of_record
TN:
SF:src/debug/StickyDebugger.ts
FN:157,(anonymous_2)
FN:165,(anonymous_3)
FN:173,(anonymous_4)
FN:182,(anonymous_5)
FN:184,(anonymous_6)
FN:212,(anonymous_7)
FN:224,(anonymous_8)
FN:225,(anonymous_9)
FN:226,(anonymous_10)
FN:228,(anonymous_11)
FN:229,(anonymous_12)
FN:240,(anonymous_13)
FN:252,(anonymous_14)
FN:261,(anonymous_15)
FN:265,(anonymous_16)
FN:274,(anonymous_17)
FN:293,(anonymous_18)
FN:309,(anonymous_19)
FN:349,(anonymous_20)
FN:374,(anonymous_21)
FN:390,(anonymous_22)
FN:407,(anonymous_23)
FN:431,(anonymous_24)
FN:443,(anonymous_25)
FN:446,(anonymous_26)
FN:449,(anonymous_27)
FN:453,(anonymous_28)
FN:456,(anonymous_29)
FN:470,(anonymous_30)
FN:501,(anonymous_31)
FN:528,(anonymous_32)
FN:541,(anonymous_33)
FN:551,(anonymous_34)
FN:552,(anonymous_35)
FN:563,(anonymous_36)
FN:573,(anonymous_37)
FN:581,(anonymous_38)
FN:584,(anonymous_39)
FN:594,(anonymous_40)
FN:616,(anonymous_41)
FN:619,(anonymous_42)
FN:620,(anonymous_43)
FN:623,(anonymous_44)
FN:624,(anonymous_45)
FN:625,(anonymous_46)
FN:626,(anonymous_47)
FN:629,(anonymous_48)
FN:630,(anonymous_49)
FN:631,(anonymous_50)
FN:634,(anonymous_51)
FN:635,(anonymous_52)
FN:636,(anonymous_53)
FN:639,(anonymous_54)
FN:652,(anonymous_55)
FN:656,(anonymous_56)
FN:680,(anonymous_57)
FN:687,(anonymous_58)
FN:691,(anonymous_59)
FN:709,(anonymous_60)
FN:725,(anonymous_61)
FN:743,(anonymous_62)
FN:141,(anonymous_63)
FNF:62
FNH:0
FNDA:0,(anonymous_2)
FNDA:0,(anonymous_3)
FNDA:0,(anonymous_4)
FNDA:0,(anonymous_5)
FNDA:0,(anonymous_6)
FNDA:0,(anonymous_7)
FNDA:0,(anonymous_8)
FNDA:0,(anonymous_9)
FNDA:0,(anonymous_10)
FNDA:0,(anonymous_11)
FNDA:0,(anonymous_12)
FNDA:0,(anonymous_13)
FNDA:0,(anonymous_14)
FNDA:0,(anonymous_15)
FNDA:0,(anonymous_16)
FNDA:0,(anonymous_17)
FNDA:0,(anonymous_18)
FNDA:0,(anonymous_19)
FNDA:0,(anonymous_20)
FNDA:0,(anonymous_21)
FNDA:0,(anonymous_22)
FNDA:0,(anonymous_23)
FNDA:0,(anonymous_24)
FNDA:0,(anonymous_25)
FNDA:0,(anonymous_26)
FNDA:0,(anonymous_27)
FNDA:0,(anonymous_28)
FNDA:0,(anonymous_29)
FNDA:0,(anonymous_30)
FNDA:0,(anonymous_31)
FNDA:0,(anonymous_32)
FNDA:0,(anonymous_33)
FNDA:0,(anonymous_34)
FNDA:0,(anonymous_35)
FNDA:0,(anonymous_36)
FNDA:0,(anonymous_37)
FNDA:0,(anonymous_38)
FNDA:0,(anonymous_39)
FNDA:0,(anonymous_40)
FNDA:0,(anonymous_41)
FNDA:0,(anonymous_42)
FNDA:0,(anonymous_43)
FNDA:0,(anonymous_44)
FNDA:0,(anonymous_45)
FNDA:0,(anonymous_46)
FNDA:0,(anonymous_47)
FNDA:0,(anonymous_48)
FNDA:0,(anonymous_49)
FNDA:0,(anonymous_50)
FNDA:0,(anonymous_51)
FNDA:0,(anonymous_52)
FNDA:0,(anonymous_53)
FNDA:0,(anonymous_54)
FNDA:0,(anonymous_55)
FNDA:0,(anonymous_56)
FNDA:0,(anonymous_57)
FNDA:0,(anonymous_58)
FNDA:0,(anonymous_59)
FNDA:0,(anonymous_60)
FNDA:0,(anonymous_61)
FNDA:0,(anonymous_62)
FNDA:0,(anonymous_63)
DA:112,0
DA:121,0
DA:122,0
DA:125,0
DA:127,0
DA:128,0
DA:134,0
DA:142,0
DA:145,0
DA:146,0
DA:147,0
DA:159,0
DA:167,0
DA:175,0
DA:184,0
DA:185,0
DA:188,0
DA:199,0
DA:200,0
DA:202,0
DA:205,0
DA:214,0
DA:216,0
DA:217,0
DA:224,0
DA:225,0
DA:226,0
DA:228,0
DA:229,0
DA:231,0
DA:240,0
DA:254,0
DA:263,0
DA:265,0
DA:276,0
DA:278,0
DA:279,0
DA:282,0
DA:283,0
DA:287,0
DA:295,0
DA:296,0
DA:297,0
DA:298,0
DA:299,0
DA:300,0
DA:302,0
DA:316,0
DA:319,0
DA:321,0
DA:330,0
DA:333,0
DA:334,0
DA:338,0
DA:341,0
DA:342,0
DA:351,0
DA:359,0
DA:362,0
DA:363,0
DA:366,0
DA:367,0
DA:376,0
DA:378,0
DA:384,0
DA:392,0
DA:393,0
DA:395,0
DA:396,0
DA:399,0
DA:400,0
DA:409,0
DA:410,0
DA:413,0
DA:414,0
DA:415,0
DA:417,0
DA:418,0
DA:422,0
DA:433,0
DA:434,0
DA:435,0
DA:444,0
DA:446,0
DA:447,0
DA:448,0
DA:449,0
DA:453,0
DA:454,0
DA:455,0
DA:456,0
DA:460,0
DA:461,0
DA:464,0
DA:471,0
DA:473,0
DA:474,0
DA:475,0
DA:493,0
DA:494,0
DA:502,0
DA:504,0
DA:505,0
DA:508,0
DA:509,0
DA:511,0
DA:528,0
DA:542,0
DA:543,0
DA:544,0
DA:552,0
DA:553,0
DA:554,0
DA:557,0
DA:564,0
DA:567,0
DA:568,0
DA:569,0
DA:571,0
DA:572,0
DA:573,0
DA:574,0
DA:580,0
DA:581,0
DA:582,0
DA:583,0
DA:584,0
DA:585,0
DA:595,0
DA:596,0
DA:597,0
DA:599,0
DA:601,0
DA:603,0
DA:604,0
DA:606,0
DA:607,0
DA:609,0
DA:617,0
DA:619,0
DA:620,0
DA:623,0
DA:624,0
DA:625,0
DA:626,0
DA:629,0
DA:630,0
DA:631,0
DA:634,0
DA:635,0
DA:636,0
DA:640,0
DA:643,0
DA:653,0
DA:656,0
DA:657,0
DA:658,0
DA:674,0
DA:681,0
DA:684,0
DA:685,0
DA:686,0
DA:687,0
DA:688,0
DA:691,0
DA:703,0
DA:710,0
DA:711,0
DA:714,0
DA:726,0
DA:737,0
DA:744,0
DA:755,0
DA:760,0
LF:174
LH:0
BRDA:216,0,0,0
BRDA:275,1,0,0
BRDA:278,2,0,0
BRDA:282,3,0,0
BRDA:316,4,0,0
BRDA:319,5,0,0
BRDA:319,5,1,0
BRDA:327,6,0,0
BRDA:327,6,1,0
BRDA:333,7,0,0
BRDA:341,8,0,0
BRDA:362,9,0,0
BRDA:366,10,0,0
BRDA:366,10,1,0
BRDA:376,11,0,0
BRDA:393,12,0,0
BRDA:395,13,0,0
BRDA:413,14,0,0
BRDA:414,15,0,0
BRDA:414,15,1,0
BRDA:447,16,0,0
BRDA:454,17,0,0
BRDA:460,18,0,0
BRDA:471,19,0,0
BRDA:471,20,0,0
BRDA:471,20,1,0
BRDA:502,21,0,0
BRDA:518,22,0,0
BRDA:518,22,1,0
BRDA:519,23,0,0
BRDA:519,23,1,0
BRDA:520,24,0,0
BRDA:520,24,1,0
BRDA:542,25,0,0
BRDA:553,26,0,0
BRDA:568,27,0,0
BRDA:571,28,0,0
BRDA:582,29,0,0
BRDA:601,30,0,0
BRDA:601,30,1,0
BRDA:601,30,2,0
BRDA:684,31,0,0
BRDA:684,32,0,0
BRDA:684,32,1,0
BRDA:686,33,0,0
BRDA:686,34,0,0
BRDA:686,34,1,0
BRDA:696,35,0,0
BRDA:696,35,1,0
BRDA:697,36,0,0
BRDA:697,36,1,0
BRDA:710,37,0,0
BRDA:737,38,0,0
BRDA:737,38,1,0
BRDA:755,39,0,0
BRDA:755,39,1,0
BRDA:145,40,0,0
BRF:57
BRH:0
end_of_record
TN:
SF:src/debug/debugLogger.ts
FN:16,(anonymous_0)
FN:23,(anonymous_1)
FN:30,(anonymous_2)
FN:37,(anonymous_3)
FN:44,(anonymous_4)
FN:51,(anonymous_5)
FN:58,(anonymous_6)
FN:65,(anonymous_7)
FNF:8
FNH:0
FNDA:0,(anonymous_0)
FNDA:0,(anonymous_1)
FNDA:0,(anonymous_2)
FNDA:0,(anonymous_3)
FNDA:0,(anonymous_4)
FNDA:0,(anonymous_5)
FNDA:0,(anonymous_6)
FNDA:0,(anonymous_7)
DA:12,0
DA:17,0
DA:24,0
DA:31,0
DA:38,0
DA:45,0
DA:52,0
DA:59,0
DA:66,0
LF:9
LH:0
BRDA:66,0,0,0
BRDA:66,0,1,0
BRF:2
BRH:0
end_of_record
TN:
SF:src/hooks/useDebugSticky.ts
FN:23,(anonymous_0)
FN:40,(anonymous_1)
FN:71,(anonymous_2)
FN:82,(anonymous_3)
FN:94,(anonymous_4)
FN:120,(anonymous_5)
FN:139,(anonymous_6)
FN:146,(anonymous_7)
FN:162,(anonymous_8)
FNF:9
FNH:0
FNDA:0,(anonymous_0)
FNDA:0,(anonymous_1)
FNDA:0,(anonymous_2)
FNDA:0,(anonymous_3)
FNDA:0,(anonymous_4)
FNDA:0,(anonymous_5)
FNDA:0,(anonymous_6)
FNDA:0,(anonymous_7)
FNDA:0,(anonymous_8)
DA:23,0
DA:24,0
DA:25,0
DA:27,0
DA:35,0
DA:40,0
DA:41,0
DA:43,0
DA:44,0
DA:46,0
DA:47,0
DA:60,0
DA:61,0
DA:64,0
DA:71,0
DA:72,0
DA:82,0
DA:83,0
DA:94,0
DA:95,0
DA:98,0
DA:99,0
DA:100,0
DA:102,0
DA:107,0
DA:108,0
DA:114,0
DA:120,0
DA:121,0
DA:122,0
DA:133,0
DA:139,0
DA:140,0
DA:146,0
DA:147,0
DA:150,0
DA:162,0
LF:37
LH:0
BRDA:25,0,0,0
BRDA:25,0,1,0
BRDA:25,0,2,0
BRDA:41,1,0,0
BRDA:46,2,0,0
BRDA:60,3,0,0
BRDA:60,4,0,0
BRDA:60,4,1,0
BRDA:95,5,0,0
BRDA:107,6,0,0
BRDA:121,7,0,0
BRDA:140,8,0,0
BRDA:140,8,1,0
BRF:13
BRH:0
end_of_record
TN:
SF:src/hooks/useResponsiveSticky.ts
FN:19,(anonymous_0)
FN:27,(anonymous_1)
FN:30,(anonymous_2)
FN:35,(anonymous_3)
FN:44,(anonymous_4)
FN:73,(anonymous_5)
FNF:6
FNH:0
FNDA:0,(anonymous_0)
FNDA:0,(anonymous_1)
FNDA:0,(anonymous_2)
FNDA:0,(anonymous_3)
FNDA:0,(anonymous_4)
FNDA:0,(anonymous_5)
DA:19,0
DA:20,0
DA:27,0
DA:28,0
DA:30,0
DA:31,0
DA:32,0
DA:35,0
DA:36,0
DA:37,0
DA:44,0
DA:45,0
DA:47,0
DA:48,0
DA:49,0
DA:52,0
DA:56,0
DA:61,0
DA:67,0
DA:73,0
DA:74,0
DA:78,0
DA:85,0
DA:87,0
LF:24
LH:0
BRDA:47,0,0,0
BRDA:49,1,0,0
BRDA:49,1,1,0
BRDA:58,2,0,0
BRDA:58,2,1,0
BRDA:74,3,0,0
BRDA:74,3,1,0
BRDA:81,4,0,0
BRDA:81,4,1,0
BRDA:81,5,0,0
BRDA:81,5,1,0
BRF:11
